{"level":"error","message":"This is an error message"}
{"level":"error","message":"relation \"search_histories\" does not exist"}
{"level":"error","message":"relation \"search_histories\" does not exist"}
{"level":"error","message":"relation \"search_histories\" does not exist"}
{"level":"info","message":"Fetching from EU service for keyword: IOT, page: 1"}
{"level":"info","message":"Fetching from EU service for keyword: IOT, page: 2"}
{"level":"info","message":"Fetching from EU service for keyword: IOT, page: 3"}
{"level":"info","message":"Fetching from EU service for keyword: IOT, page: 4"}
{"level":"info","message":"Fetching from EU service for keyword: IOT, page: 5"}
{"level":"info","message":"Fetching from EU service for keyword: IOT, page: 6"}
{"level":"info","message":"Fetching from EU service for keyword: IOT, page: 7"}
{"level":"info","message":"Fetching from EU service for keyword: IOT, page: 8"}
{"level":"info","message":"Fetching from EU service for keyword: IOT, page: 9"}
{"level":"info","message":"Fetching from EU service for keyword: IOT, page: 10"}
{"level":"error","message":"relation \"search_histories\" does not exist"}
{"level":"error","message":"relation \"search_histories\" does not exist"}
{"level":"error","message":"relation \"search_histories\" does not exist"}
{"level":"info","message":"Fetching from EU service for keyword: IOT, page: 1"}
{"level":"info","message":"Fetching from EU service for keyword: IOT, page: 2"}
{"level":"info","message":"Fetching from EU service for keyword: IOT, page: 3"}
{"level":"info","message":"Fetching from EU service for keyword: IOT, page: 4"}
{"level":"info","message":"Fetching from EU service for keyword: IOT, page: 5"}
{"level":"info","message":"Fetching from EU service for keyword: IOT, page: 6"}
{"level":"info","message":"Fetching from EU service for keyword: IOT, page: 7"}
{"level":"info","message":"Fetching from EU service for keyword: IOT, page: 8"}
{"level":"info","message":"Fetching from EU service for keyword: IOT, page: 9"}
{"level":"info","message":"Fetching from EU service for keyword: IOT, page: 10"}
{"level":"error","message":"dara is not defined"}
{"level":"info","message":"Fetching from EU service for keyword: IOT, page: 1"}
{"level":"info","message":"Fetching from EU service for keyword: IOT, page: 2"}
{"level":"info","message":"Fetching from EU service for keyword: IOT, page: 3"}
{"level":"info","message":"Fetching from EU service for keyword: IOT, page: 1"}
{"level":"info","message":"Fetching from EU service for keyword: IOT, page: 2"}
{"level":"info","message":"Fetching from EU service for keyword: IOT, page: 3"}
{"level":"info","message":"Fetching from EU service for keyword: IOT, page: 1"}
{"level":"info","message":"Fetching from EU service for keyword: IOT, page: 2"}
{"level":"info","message":"Fetching from EU service for keyword: IOT, page: 3"}
{"level":"info","message":"Fetching from EU service for keyword: IOT, page: 4"}
{"level":"info","message":"Fetching from EU service for keyword: IOT, page: 5"}
{"level":"info","message":"Fetching from EU service for keyword: IOT, page: 6"}
{"level":"info","message":"Fetching from EU service for keyword: IOT, page: 7"}
{"level":"info","message":"Fetching from EU service for keyword: IOT, page: 8"}
{"level":"info","message":"Fetching from EU service for keyword: IOT, page: 9"}
{"level":"info","message":"Fetching from EU service for keyword: IOT, page: 10"}
{"level":"info","message":"EU Service fetching completed for keyword: IOT"}
{"level":"info","message":"Fetching from EU service for keyword: IOT, page: 1"}
{"level":"info","message":"Fetching from EU service for keyword: IOT, page: 2"}
{"level":"info","message":"Fetching from EU service for keyword: IOT, page: 3"}
{"level":"info","message":"Fetching from EU service for keyword: IOT, page: 4"}
{"level":"info","message":"Fetching from EU service for keyword: IOT, page: 5"}
{"level":"info","message":"Fetching from EU service for keyword: IOT, page: 6"}
{"level":"info","message":"Fetching from EU service for keyword: IOT, page: 7"}
{"level":"info","message":"Fetching from EU service for keyword: IOT, page: 8"}
{"level":"info","message":"Fetching from EU service for keyword: IOT, page: 9"}
{"level":"info","message":"Fetching from EU service for keyword: IOT, page: 10"}
{"level":"info","message":"EU Service fetching completed for keyword: IOT"}
{"level":"info","message":"Fetching from EU service for keyword: IOT, page: 1"}
{"level":"info","message":"Fetching from EU service for keyword: IOT, page: 2"}
{"level":"info","message":"Fetching from EU service for keyword: IOT, page: 3"}
{"level":"info","message":"Fetching from EU service for keyword: IOT, page: 4"}
{"level":"info","message":"Fetching from EU service for keyword: IOT, page: 5"}
{"level":"info","message":"Fetching from EU service for keyword: IOT, page: 6"}
{"level":"info","message":"Fetching from EU service for keyword: IOT, page: 7"}
{"level":"info","message":"Fetching from EU service for keyword: IOT, page: 8"}
{"level":"info","message":"Fetching from EU service for keyword: IOT, page: 9"}
{"level":"info","message":"Fetching from EU service for keyword: IOT, page: 10"}
{"level":"info","message":"EU Service fetching completed for keyword: IOT"}
{"level":"info","message":"Fetching from GTR service for keyword: IOT, page: 1"}
{"level":"info","message":"Fetching from NSF service for keyword: IOT, page: 1"}
{"level":"info","message":"Fetching from NSF service for keyword: IOT, page: 2"}
{"level":"info","message":"Fetching from GTR service for keyword: IOT, page: 2"}
{"level":"info","message":"Fetching from NSF service for keyword: IOT, page: 3"}
{"level":"info","message":"Fetching from NSF service for keyword: IOT, page: 4"}
{"level":"info","message":"Fetching from NSF service for keyword: IOT, page: 5"}
{"level":"info","message":"Fetching from NSF service for keyword: IOT, page: 6"}
{"level":"info","message":"Fetching from GTR service for keyword: IOT, page: 3"}
{"level":"info","message":"Fetching from NSF service for keyword: IOT, page: 7"}
{"level":"info","message":"Fetching from GTR service for keyword: IOT, page: 4"}
{"level":"info","message":"Fetching from NSF service for keyword: IOT, page: 8"}
{"level":"info","message":"Fetching from NSF service for keyword: IOT, page: 9"}
{"level":"info","message":"Fetching from NSF service for keyword: IOT, page: 10"}
{"level":"info","message":"NSF Service fetching completed for keyword: IOT"}
{"level":"info","message":"Fetching from GTR service for keyword: IOT, page: 5"}
{"level":"info","message":"Fetching from GTR service for keyword: IOT, page: 1"}
{"level":"info","message":"Fetching from GTR service for keyword: IOT, page: 2"}
{"level":"info","message":"Fetching from GTR service for keyword: IOT, page: 3"}
{"level":"info","message":"Fetching from GTR service for keyword: IOT, page: 6"}
{"level":"info","message":"Fetching from GTR service for keyword: IOT, page: 4"}
{"level":"info","message":"Fetching from GTR service for keyword: IOT, page: 5"}
{"level":"info","message":"Fetching from GTR service for keyword: IOT, page: 6"}
{"level":"info","message":"Fetching from GTR service for keyword: IOT, page: 7"}
{"level":"info","message":"Fetching from GTR service for keyword: IOT, page: 7"}
{"level":"info","message":"Fetching from GTR service for keyword: IOT, page: 8"}
{"level":"info","message":"Fetching from GTR service for keyword: IOT, page: 8"}
{"level":"info","message":"Fetching from GTR service for keyword: IOT, page: 9"}
{"level":"info","message":"Fetching from GTR service for keyword: IOT, page: 9"}
{"level":"info","message":"Fetching from GTR service for keyword: IOT, page: 9"}
{"level":"info","message":"Fetching from GTR service for keyword: IOT, page: 10"}
{"level":"info","message":"GTR Service fetching completed for keyword: IOT"}
{"level":"info","message":"Fetching from GTR service for keyword: IOT, page: 1"}
{"level":"info","message":"Fetching from EU service for keyword: IOT, page: 1"}
{"level":"info","message":"Fetching from GTR service for keyword: IOT, page: 2"}
{"level":"info","message":"Fetching from EU service for keyword: IOT, page: 2"}
{"level":"info","message":"Fetching from GTR service for keyword: IOT, page: 3"}
{"level":"info","message":"Fetching from NSF service for keyword: IOT, page: 1"}
{"level":"info","message":"Fetching from GTR service for keyword: IOT, page: 4"}
{"level":"info","message":"Fetching from EU service for keyword: IOT, page: 3"}
{"level":"info","message":"Fetching from NSF service for keyword: IOT, page: 2"}
{"level":"info","message":"Fetching from GTR service for keyword: IOT, page: 5"}
{"level":"info","message":"Fetching from EU service for keyword: IOT, page: 4"}
{"level":"info","message":"Fetching from GTR service for keyword: IOT, page: 6"}
{"level":"info","message":"Fetching from GTR service for keyword: IOT, page: 7"}
{"level":"info","message":"Fetching from EU service for keyword: IOT, page: 5"}
{"level":"info","message":"Fetching from NSF service for keyword: IOT, page: 3"}
{"level":"info","message":"Fetching from GTR service for keyword: IOT, page: 8"}
{"level":"info","message":"Fetching from NSF service for keyword: IOT, page: 4"}
{"level":"info","message":"Fetching from GTR service for keyword: IOT, page: 9"}
{"level":"info","message":"Fetching from EU service for keyword: IOT, page: 6"}
{"level":"info","message":"Fetching from GTR service for keyword: IOT, page: 10"}
{"level":"info","message":"GTR Service fetching completed for keyword: IOT"}
{"level":"info","message":"Fetching from EU service for keyword: IOT, page: 7"}
{"level":"info","message":"Fetching from EU service for keyword: IOT, page: 8"}
{"level":"info","message":"Fetching from NSF service for keyword: IOT, page: 5"}
{"level":"info","message":"Fetching from EU service for keyword: IOT, page: 9"}
{"level":"info","message":"Fetching from EU service for keyword: IOT, page: 10"}
{"level":"info","message":"EU Service fetching completed for keyword: IOT"}
{"level":"info","message":"Fetching from NSF service for keyword: IOT, page: 6"}
{"level":"info","message":"Fetching from NSF service for keyword: IOT, page: 7"}
{"level":"info","message":"Fetching from NSF service for keyword: IOT, page: 8"}
{"level":"info","message":"Fetching from NSF service for keyword: IOT, page: 9"}
{"level":"info","message":"Fetching from NSF service for keyword: IOT, page: 10"}
{"level":"info","message":"NSF Service fetching completed for keyword: IOT"}
{"level":"info","message":"Fetching from GTR service for keyword: IOT, page: 1"}
{"level":"info","message":"Fetching from EU service for keyword: IOT, page: 1"}
{"level":"info","message":"Fetching from GTR service for keyword: IOT, page: 2"}
{"level":"info","message":"Fetching from EU service for keyword: IOT, page: 2"}
{"level":"info","message":"Fetching from NSF service for keyword: IOT, page: 1"}
{"level":"info","message":"Fetching from GTR service for keyword: IOT, page: 3"}
{"level":"info","message":"Fetching from EU service for keyword: Machine Learning, page: 1"}
{"level":"info","message":"Fetching from NSF service for keyword: ARM, page: 1"}
{"level":"info","message":"Fetching from EU service for keyword: ARM, page: 1"}
{"level":"info","message":"Fetching from GTR service for keyword: IOT, page: 4"}
{"level":"info","message":"Fetching from EU service for keyword: IOT, page: 3"}
{"level":"info","message":"Fetching from NSF service for keyword: IOT, page: 2"}
{"level":"info","message":"Fetching from NSF service for keyword: Machine Learning, page: 1"}
{"level":"info","message":"Fetching from GTR service for keyword: IOT, page: 5"}
{"level":"info","message":"Fetching from EU service for keyword: IOT, page: 4"}
{"level":"info","message":"Fetching from NSF service for keyword: ARM, page: 2"}
{"level":"info","message":"Fetching from NSF service for keyword: IOT, page: 3"}
{"level":"info","message":"Fetching from GTR service for keyword: IOT, page: 6"}
{"level":"info","message":"Fetching from EU service for keyword: IOT, page: 5"}
{"level":"info","message":"Fetching from GTR service for keyword: IOT, page: 7"}
{"level":"info","message":"Fetching from GTR service for keyword: Machine Learning, page: 1"}
{"level":"info","message":"Fetching from NSF service for keyword: IOT, page: 4"}
{"level":"info","message":"Fetching from NSF service for keyword: Machine Learning, page: 2"}
{"level":"info","message":"Fetching from GTR service for keyword: IOT, page: 8"}
{"level":"info","message":"Fetching from EU service for keyword: IOT, page: 6"}
{"level":"info","message":"Fetching from NSF service for keyword: ARM, page: 3"}
{"level":"info","message":"Fetching from GTR service for keyword: IOT, page: 9"}
{"level":"info","message":"Fetching from NSF service for keyword: IOT, page: 5"}
{"level":"info","message":"Fetching from GTR service for keyword: ARM, page: 1"}
{"level":"info","message":"Fetching from GTR service for keyword: IOT, page: 10"}
{"level":"info","message":"GTR Service fetching completed for keyword: IOT"}
{"level":"info","message":"Fetching from GTR service for keyword: Machine Learning, page: 1"}
{"level":"info","message":"Fetching from GTR service for keyword: IOT, page: 9"}
{"level":"info","message":"Fetching from GTR service for keyword: ARM, page: 1"}
{"level":"info","message":"Fetching from GTR service for keyword: IOT, page: 10"}
{"level":"info","message":"GTR Service fetching completed for keyword: IOT"}
{"level":"info","message":"Fetching from NSF service for keyword: ARM, page: 3"}
{"level":"info","message":"Fetching from NSF service for keyword: IOT, page: 5"}
{"level":"info","message":"Fetching from EU service for keyword: Machine Learning, page: 1"}
{"level":"info","message":"Fetching from EU service for keyword: ARM, page: 1"}
{"level":"info","message":"Fetching from EU service for keyword: IOT, page: 6"}
{"level":"info","message":"Fetching from NSF service for keyword: Machine Learning, page: 2"}
{"level":"info","message":"Fetching from GTR service for keyword: Machine Learning, page: 2"}
{"level":"info","message":"Fetching from EU service for keyword: Machine Learning, page: 2"}
{"level":"info","message":"Fetching from NSF service for keyword: ARM, page: 4"}
{"level":"info","message":"Fetching from NSF service for keyword: IOT, page: 6"}
{"level":"info","message":"Fetching from EU service for keyword: IOT, page: 7"}
{"level":"info","message":"Fetching from EU service for keyword: IOT, page: 8"}
{"level":"info","message":"Fetching from NSF service for keyword: ARM, page: 5"}
{"level":"info","message":"Fetching from NSF service for keyword: IOT, page: 7"}
{"level":"info","message":"Fetching from NSF service for keyword: Machine Learning, page: 3"}
{"level":"info","message":"Fetching from GTR service for keyword: ARM, page: 2"}
{"level":"info","message":"Fetching from EU service for keyword: IOT, page: 9"}
{"level":"info","message":"Fetching from NSF service for keyword: IOT, page: 8"}
{"level":"info","message":"Fetching from EU service for keyword: IOT, page: 10"}
{"level":"info","message":"EU Service fetching completed for keyword: IOT"}
{"level":"info","message":"Fetching from NSF service for keyword: ARM, page: 6"}
{"level":"info","message":"Fetching from NSF service for keyword: Machine Learning, page: 4"}
{"level":"info","message":"Fetching from NSF service for keyword: IOT, page: 9"}
{"level":"info","message":"Fetching from NSF service for keyword: IOT, page: 6"}
{"level":"info","message":"Fetching from NSF service for keyword: ARM, page: 7"}
{"level":"info","message":"Fetching from GTR service for keyword: Machine Learning, page: 3"}
{"level":"info","message":"Fetching from NSF service for keyword: IOT, page: 10"}
{"level":"info","message":"NSF Service fetching completed for keyword: IOT"}
{"level":"info","message":"Fetching from NSF service for keyword: IOT, page: 7"}
{"level":"info","message":"Fetching from NSF service for keyword: Machine Learning, page: 5"}
{"level":"info","message":"Fetching from GTR service for keyword: IOT, page: 5"}
{"level":"info","message":"Fetching from NSF service for keyword: ARM, page: 8"}
{"level":"info","message":"Fetching from GTR service for keyword: IOT, page: 6"}
{"level":"info","message":"Fetching from NSF service for keyword: IOT, page: 8"}
{"level":"info","message":"Fetching from GTR service for keyword: IOT, page: 7"}
{"level":"info","message":"Fetching from NSF service for keyword: Machine Learning, page: 6"}
{"level":"info","message":"Fetching from GTR service for keyword: ARM, page: 3"}
{"level":"info","message":"Fetching from NSF service for keyword: ARM, page: 9"}
{"level":"info","message":"Fetching from GTR service for keyword: IOT, page: 8"}
{"level":"info","message":"Fetching from NSF service for keyword: IOT, page: 9"}
{"level":"info","message":"Fetching from GTR service for keyword: IOT, page: 9"}
{"level":"info","message":"Fetching from GTR service for keyword: IOT, page: 10"}
{"level":"info","message":"GTR Service fetching completed for keyword: IOT"}
{"level":"info","message":"Fetching from NSF service for keyword: ARM, page: 10"}
{"level":"info","message":"NSF Service fetching completed for keyword: ARM"}
{"level":"info","message":"Fetching from NSF service for keyword: Machine Learning, page: 7"}
{"level":"info","message":"Fetching from NSF service for keyword: IOT, page: 10"}
{"level":"info","message":"NSF Service fetching completed for keyword: IOT"}
{"level":"info","message":"Fetching from GTR service for keyword: ARM, page: 3"}
{"level":"info","message":"Fetching from GTR service for keyword: IOT, page: 6"}
{"level":"info","message":"Fetching from GTR service for keyword: IOT, page: 7"}
{"level":"info","message":"Fetching from GTR service for keyword: IOT, page: 8"}
{"level":"info","message":"Fetching from NSF service for keyword: Machine Learning, page: 8"}
{"level":"info","message":"Fetching from GTR service for keyword: Machine Learning, page: 4"}
{"level":"info","message":"Fetching from GTR service for keyword: IOT, page: 9"}
{"level":"info","message":"Fetching from GTR service for keyword: IOT, page: 10"}
{"level":"info","message":"GTR Service fetching completed for keyword: IOT"}
{"level":"info","message":"Fetching from NSF service for keyword: Machine Learning, page: 9"}
{"level":"info","message":"Fetching from GTR service for keyword: ARM, page: 4"}
{"level":"info","message":"Fetching from NSF service for keyword: Machine Learning, page: 10"}
{"level":"info","message":"NSF Service fetching completed for keyword: Machine Learning"}
{"level":"info","message":"Fetching from GTR service for keyword: ARM, page: 4"}
{"level":"info","message":"Fetching from GTR service for keyword: Machine Learning, page: 2"}
{"level":"info","message":"Fetching from GTR service for keyword: Machine Learning, page: 3"}
{"level":"info","message":"Fetching from GTR service for keyword: Machine Learning, page: 4"}
{"level":"info","message":"Fetching from GTR service for keyword: Machine Learning, page: 5"}
{"level":"info","message":"Fetching from EU service for keyword: ARM, page: 2"}
{"level":"info","message":"Fetching from GTR service for keyword: ARM, page: 5"}
{"level":"info","message":"Fetching from GTR service for keyword: ARM, page: 5"}
{"level":"info","message":"Fetching from EU service for keyword: ARM, page: 3"}
{"level":"info","message":"Fetching from GTR service for keyword: Machine Learning, page: 5"}
{"level":"info","message":"Fetching from EU service for keyword: ARM, page: 4"}
{"level":"info","message":"Fetching from EU service for keyword: ARM, page: 5"}
{"level":"info","message":"Fetching from GTR service for keyword: Machine Learning, page: 6"}
{"level":"info","message":"Fetching from EU service for keyword: ARM, page: 6"}
{"level":"info","message":"Fetching from EU service for keyword: ARM, page: 7"}
{"level":"info","message":"Fetching from GTR service for keyword: Machine Learning, page: 6"}
{"level":"info","message":"Fetching from GTR service for keyword: ARM, page: 5"}
{"level":"info","message":"Fetching from EU service for keyword: ARM, page: 7"}
{"level":"info","message":"Fetching from EU service for keyword: Machine Learning, page: 2"}
{"level":"info","message":"Fetching from EU service for keyword: ARM, page: 8"}
{"level":"info","message":"Fetching from EU service for keyword: ARM, page: 9"}
{"level":"info","message":"Fetching from EU service for keyword: ARM, page: 10"}
{"level":"info","message":"EU Service fetching completed for keyword: ARM"}
{"level":"info","message":"Fetching from NSF service for keyword: ARM, page: 7"}
{"level":"info","message":"Fetching from NSF service for keyword: ARM, page: 8"}
{"level":"info","message":"Fetching from NSF service for keyword: ARM, page: 9"}
{"level":"info","message":"Fetching from GTR service for keyword: ARM, page: 6"}
{"level":"info","message":"Fetching from NSF service for keyword: ARM, page: 10"}
{"level":"info","message":"NSF Service fetching completed for keyword: ARM"}
{"level":"info","message":"Fetching from EU service for keyword: Machine Learning, page: 3"}
{"level":"info","message":"Fetching from GTR service for keyword: Machine Learning, page: 7"}
{"level":"info","message":"Fetching from EU service for keyword: Machine Learning, page: 4"}
{"level":"info","message":"Fetching from EU service for keyword: Machine Learning, page: 5"}
{"level":"info","message":"Fetching from GTR service for keyword: ARM, page: 7"}
{"level":"info","message":"Fetching from GTR service for keyword: ARM, page: 7"}
{"level":"info","message":"Fetching from EU service for keyword: Machine Learning, page: 6"}
{"level":"info","message":"Fetching from EU service for keyword: Machine Learning, page: 7"}
{"level":"info","message":"Fetching from GTR service for keyword: Machine Learning, page: 8"}
{"level":"info","message":"Fetching from GTR service for keyword: ARM, page: 8"}
{"level":"info","message":"Fetching from EU service for keyword: Machine Learning, page: 8"}
{"level":"info","message":"Fetching from GTR service for keyword: ARM, page: 8"}
{"level":"info","message":"Fetching from EU service for keyword: Machine Learning, page: 9"}
{"level":"info","message":"Fetching from EU service for keyword: Machine Learning, page: 10"}
{"level":"info","message":"EU Service fetching completed for keyword: Machine Learning"}
{"level":"info","message":"Fetching from GTR service for keyword: Machine Learning, page: 9"}
{"level":"info","message":"Fetching from NSF service for keyword: Machine Learning, page: 2"}
{"level":"info","message":"Fetching from GTR service for keyword: ARM, page: 9"}
{"level":"info","message":"Fetching from NSF service for keyword: Machine Learning, page: 3"}
{"level":"info","message":"Fetching from GTR service for keyword: ARM, page: 9"}
{"level":"info","message":"Fetching from NSF service for keyword: Machine Learning, page: 4"}
{"level":"info","message":"Fetching from NSF service for keyword: Machine Learning, page: 5"}
{"level":"info","message":"Fetching from GTR service for keyword: Machine Learning, page: 10"}
{"level":"info","message":"GTR Service fetching completed for keyword: Machine Learning"}
{"level":"info","message":"Fetching from NSF service for keyword: Machine Learning, page: 6"}
{"level":"info","message":"Fetching from GTR service for keyword: ARM, page: 10"}
{"level":"info","message":"GTR Service fetching completed for keyword: ARM"}
{"level":"info","message":"Fetching from NSF service for keyword: Machine Learning, page: 7"}
{"level":"info","message":"Fetching from GTR service for keyword: ARM, page: 10"}
{"level":"info","message":"GTR Service fetching completed for keyword: ARM"}
{"level":"info","message":"Fetching from NSF service for keyword: Machine Learning, page: 8"}
{"level":"info","message":"Fetching from NSF service for keyword: Machine Learning, page: 9"}
{"level":"info","message":"Fetching from NSF service for keyword: Machine Learning, page: 10"}
{"level":"info","message":"NSF Service fetching completed for keyword: Machine Learning"}
{"level":"info","message":"Fetching from GTR service for keyword: Machine Learning, page: 2"}
{"level":"info","message":"Fetching from GTR service for keyword: Machine Learning, page: 3"}
{"level":"info","message":"Fetching from GTR service for keyword: Machine Learning, page: 4"}
{"level":"info","message":"Fetching from GTR service for keyword: Machine Learning, page: 5"}
{"level":"info","message":"Fetching from GTR service for keyword: Machine Learning, page: 6"}
{"level":"info","message":"Fetching from GTR service for keyword: Machine Learning, page: 7"}
{"level":"info","message":"Fetching from GTR service for keyword: Machine Learning, page: 8"}
{"level":"info","message":"Fetching from GTR service for keyword: Machine Learning, page: 9"}
{"level":"info","message":"Fetching from GTR service for keyword: Machine Learning, page: 10"}
{"level":"info","message":"GTR Service fetching completed for keyword: Machine Learning"}
